org.opentest4j.MultipleFailuresError: Multiple Failures (2 failures)
	org.opentest4j.AssertionFailedError: Actual data differs from file content: code-smith2786049376372026756.kt
	java.lang.IllegalStateException: ABSTRACT_CLASS_MEMBER_NOT_IMPLEMENTED: Class 'UnXvBf3A' is not abstract and does not implement abstract base class member public abstract fun duAhCzM(jf51i: KTJQ0Tm<QYuDEu!>!, uKD: ICQgkMF!, dCLneCl: P3Rd8!): QYuDEu! defined in P3Rd8 (90,13) in /UnXvBf3A.kt
	at org.junit.jupiter.api.AssertAll.assertAll(AssertAll.java:80)
	at org.junit.jupiter.api.AssertAll.assertAll(AssertAll.java:54)
	at org.junit.jupiter.api.AssertAll.assertAll(AssertAll.java:48)
	at org.junit.jupiter.api.Assertions.assertAll(Assertions.java:2978)
	at org.jetbrains.kotlin.test.services.JUnit5Assertions.failAll(JUnit5Assertions.kt:102)
	at org.jetbrains.kotlin.test.TestRunner.reportFailures(TestRunner.kt:125)
	at org.jetbrains.kotlin.test.TestRunner.runTestPipeline(TestRunner.kt:117)
	at org.jetbrains.kotlin.test.TestRunner.runTestImpl(TestRunner.kt:70)
	at org.jetbrains.kotlin.test.TestRunner.runTest(TestRunner.kt:30)
	at org.jetbrains.kotlin.test.TestRunner.runTest$default(TestRunner.kt:28)
	at org.jetbrains.kotlin.test.runners.AbstractKotlinCompilerTest.runTest(AbstractKotlinCompilerTest.kt:91)
	at org.jetbrains.kotlin.test.CodeSmithDifferentialTest.testProgram(CodeSmithDifferentialTest.kt:74)
	at org.jetbrains.kotlin.test.CodeSmithDifferentialTest.doOneRound(CodeSmithDifferentialTest.kt:82)
	at org.jetbrains.kotlin.test.CodeSmithDifferentialTest$test$1$1$job$1.invokeSuspend(CodeSmithDifferentialTest.kt:127)
	at kotlin.coroutines.jvm.internal.BaseContinuationImpl.resumeWith(ContinuationImpl.kt:33)
	at kotlinx.coroutines.DispatchedTask.run(DispatchedTask.kt:101)
	at kotlinx.coroutines.internal.LimitedDispatcher$Worker.run(LimitedDispatcher.kt:113)
	at kotlinx.coroutines.scheduling.TaskImpl.run(Tasks.kt:89)
	at kotlinx.coroutines.scheduling.CoroutineScheduler.runSafely(CoroutineScheduler.kt:589)
	at kotlinx.coroutines.scheduling.CoroutineScheduler$Worker.executeTask(CoroutineScheduler.kt:823)
	at kotlinx.coroutines.scheduling.CoroutineScheduler$Worker.runWorker(CoroutineScheduler.kt:720)
	at kotlinx.coroutines.scheduling.CoroutineScheduler$Worker.run(CoroutineScheduler.kt:707)
	Suppressed: org.opentest4j.AssertionFailedError: Actual data differs from file content: code-smith2786049376372026756.kt
		at org.jetbrains.kotlin.test.services.JUnit5Assertions.assertEqualsToFile(JUnit5Assertions.kt:76)
		at org.jetbrains.kotlin.test.services.JUnit5Assertions.assertEqualsToFile(JUnit5Assertions.kt:30)
		at org.jetbrains.kotlin.test.Assertions.assertEqualsToFile(Assertions.kt:15)
		at org.jetbrains.kotlin.test.Assertions.assertEqualsToFile$default(Assertions.kt:14)
		at org.jetbrains.kotlin.test.services.GlobalMetadataInfoHandler.compareAllMetaDataInfos(GlobalMetadataInfoHandler.kt:77)
		at org.jetbrains.kotlin.test.TestRunner.runTestPipeline(TestRunner.kt:107)
		... 15 more
	Suppressed: java.lang.IllegalStateException: ABSTRACT_CLASS_MEMBER_NOT_IMPLEMENTED: Class 'UnXvBf3A' is not abstract and does not implement abstract base class member public abstract fun duAhCzM(jf51i: KTJQ0Tm<QYuDEu!>!, uKD: ICQgkMF!, dCLneCl: P3Rd8!): QYuDEu! defined in P3Rd8 (90,13) in /UnXvBf3A.kt
		at org.jetbrains.kotlin.diagnostics.DiagnosticSink$2.report(DiagnosticSink.java:46)
		at org.jetbrains.kotlin.resolve.AnalyzingUtils.throwExceptionOnErrors(AnalyzingUtils.kt:65)
		at org.jetbrains.kotlin.resolve.AnalyzingUtils.throwExceptionOnErrors(AnalyzingUtils.kt:60)
		at org.jetbrains.kotlin.test.backend.handlers.NoCompilationErrorsHandler.processModule(NoCompilationErrorsHandler.kt:26)
		at org.jetbrains.kotlin.test.backend.handlers.NoCompilationErrorsHandler.processModule(NoCompilationErrorsHandler.kt:17)
		at org.jetbrains.kotlin.test.TestStep$HandlersStep.processModule(TestStep.kt:78)
		at org.jetbrains.kotlin.test.TestStep$HandlersStep.processModule(TestStep.kt:56)
		at org.jetbrains.kotlin.test.TestRunner.processModule(TestRunner.kt:206)
		at org.jetbrains.kotlin.test.TestRunner.hackyProcessModule(TestRunner.kt:197)
		at org.jetbrains.kotlin.test.TestRunner.processModule(TestRunner.kt:141)
		at org.jetbrains.kotlin.test.TestRunner.runTestPipeline(TestRunner.kt:92)
		... 15 more
