org.opentest4j.MultipleFailuresError: Multiple Failures (2 failures)
	org.opentest4j.AssertionFailedError: Actual data differs from file content: code-smith2498749977185102529.kt
	java.lang.IllegalStateException: ABSTRACT_CLASS_MEMBER_NOT_IMPLEMENTED: Class 'IUt' is not abstract and does not implement abstract base class member public abstract fun p4FO3Qz(): Unit defined in Any (13,13) in /IUt.kt
	at org.junit.jupiter.api.AssertAll.assertAll(AssertAll.java:80)
	at org.junit.jupiter.api.AssertAll.assertAll(AssertAll.java:54)
	at org.junit.jupiter.api.AssertAll.assertAll(AssertAll.java:48)
	at org.junit.jupiter.api.Assertions.assertAll(Assertions.java:2978)
	at org.jetbrains.kotlin.test.services.JUnit5Assertions.failAll(JUnit5Assertions.kt:102)
	at org.jetbrains.kotlin.test.TestRunner.reportFailures(TestRunner.kt:124)
	at org.jetbrains.kotlin.test.TestRunner.runTestPipeline(TestRunner.kt:116)
	at org.jetbrains.kotlin.test.TestRunner.runTestImpl(TestRunner.kt:69)
	at org.jetbrains.kotlin.test.TestRunner.runTest(TestRunner.kt:29)
	at org.jetbrains.kotlin.test.TestRunner.runTest$default(TestRunner.kt:27)
	at org.jetbrains.kotlin.test.runners.AbstractKotlinCompilerTest.runTest(AbstractKotlinCompilerTest.kt:91)
	at org.jetbrains.kotlin.test.CodeSmithTest.doOneRound(CodeSmithTest.kt:47)
	at org.jetbrains.kotlin.test.CodeSmithTest.test(CodeSmithTest.kt:77)
	at sun.reflect.NativeMethodAccessorImpl.invoke0(Native Method)
	at sun.reflect.NativeMethodAccessorImpl.invoke(NativeMethodAccessorImpl.java:62)
	at sun.reflect.DelegatingMethodAccessorImpl.invoke(DelegatingMethodAccessorImpl.java:43)
	at java.lang.reflect.Method.invoke(Method.java:498)
	at org.junit.platform.commons.util.ReflectionUtils.invokeMethod(ReflectionUtils.java:728)
	at org.junit.jupiter.engine.execution.MethodInvocation.proceed(MethodInvocation.java:60)
	at org.junit.jupiter.engine.execution.InvocationInterceptorChain$ValidatingInvocation.proceed(InvocationInterceptorChain.java:131)
	at org.junit.jupiter.engine.extension.TimeoutExtension.intercept(TimeoutExtension.java:156)
	at org.junit.jupiter.engine.extension.TimeoutExtension.interceptTestableMethod(TimeoutExtension.java:147)
	at org.junit.jupiter.engine.extension.TimeoutExtension.interceptTestMethod(TimeoutExtension.java:86)
	at org.junit.jupiter.engine.execution.InterceptingExecutableInvoker$ReflectiveInterceptorCall.lambda$ofVoidMethod$0(InterceptingExecutableInvoker.java:103)
	at org.junit.jupiter.engine.execution.InterceptingExecutableInvoker.lambda$invoke$0(InterceptingExecutableInvoker.java:93)
	at org.junit.jupiter.engine.execution.InvocationInterceptorChain$InterceptedInvocation.proceed(InvocationInterceptorChain.java:106)
	at org.junit.jupiter.engine.execution.InvocationInterceptorChain.proceed(InvocationInterceptorChain.java:64)
	at org.junit.jupiter.engine.execution.InvocationInterceptorChain.chainAndInvoke(InvocationInterceptorChain.java:45)
	at org.junit.jupiter.engine.execution.InvocationInterceptorChain.invoke(InvocationInterceptorChain.java:37)
	at org.junit.jupiter.engine.execution.InterceptingExecutableInvoker.invoke(InterceptingExecutableInvoker.java:92)
	at org.junit.jupiter.engine.execution.InterceptingExecutableInvoker.invoke(InterceptingExecutableInvoker.java:86)
	at org.junit.jupiter.engine.descriptor.TestMethodTestDescriptor.lambda$invokeTestMethod$7(TestMethodTestDescriptor.java:218)
	at org.junit.platform.engine.support.hierarchical.ThrowableCollector.execute(ThrowableCollector.java:73)
	at org.junit.jupiter.engine.descriptor.TestMethodTestDescriptor.invokeTestMethod(TestMethodTestDescriptor.java:214)
	at org.junit.jupiter.engine.descriptor.TestMethodTestDescriptor.execute(TestMethodTestDescriptor.java:139)
	at org.junit.jupiter.engine.descriptor.TestMethodTestDescriptor.execute(TestMethodTestDescriptor.java:69)
	at org.junit.platform.engine.support.hierarchical.NodeTestTask.lambda$executeRecursively$6(NodeTestTask.java:151)
	at org.junit.platform.engine.support.hierarchical.ThrowableCollector.execute(ThrowableCollector.java:73)
	at org.junit.platform.engine.support.hierarchical.NodeTestTask.lambda$executeRecursively$8(NodeTestTask.java:141)
	at org.junit.platform.engine.support.hierarchical.Node.around(Node.java:137)
	at org.junit.platform.engine.support.hierarchical.NodeTestTask.lambda$executeRecursively$9(NodeTestTask.java:139)
	at org.junit.platform.engine.support.hierarchical.ThrowableCollector.execute(ThrowableCollector.java:73)
	at org.junit.platform.engine.support.hierarchical.NodeTestTask.executeRecursively(NodeTestTask.java:138)
	at org.junit.platform.engine.support.hierarchical.NodeTestTask.execute(NodeTestTask.java:95)
	at org.junit.platform.engine.support.hierarchical.ForkJoinPoolHierarchicalTestExecutorService$ExclusiveTask.compute(ForkJoinPoolHierarchicalTestExecutorService.java:202)
	at org.junit.platform.engine.support.hierarchical.ForkJoinPoolHierarchicalTestExecutorService.invokeAll(ForkJoinPoolHierarchicalTestExecutorService.java:146)
	at org.junit.platform.engine.support.hierarchical.NodeTestTask.lambda$executeRecursively$6(NodeTestTask.java:155)
	at org.junit.platform.engine.support.hierarchical.ThrowableCollector.execute(ThrowableCollector.java:73)
	at org.junit.platform.engine.support.hierarchical.NodeTestTask.lambda$executeRecursively$8(NodeTestTask.java:141)
	at org.junit.platform.engine.support.hierarchical.Node.around(Node.java:137)
	at org.junit.platform.engine.support.hierarchical.NodeTestTask.lambda$executeRecursively$9(NodeTestTask.java:139)
	at org.junit.platform.engine.support.hierarchical.ThrowableCollector.execute(ThrowableCollector.java:73)
	at org.junit.platform.engine.support.hierarchical.NodeTestTask.executeRecursively(NodeTestTask.java:138)
	at org.junit.platform.engine.support.hierarchical.NodeTestTask.execute(NodeTestTask.java:95)
	at org.junit.platform.engine.support.hierarchical.ForkJoinPoolHierarchicalTestExecutorService$ExclusiveTask.compute(ForkJoinPoolHierarchicalTestExecutorService.java:202)
	at org.junit.platform.engine.support.hierarchical.ForkJoinPoolHierarchicalTestExecutorService.invokeAll(ForkJoinPoolHierarchicalTestExecutorService.java:146)
	at org.junit.platform.engine.support.hierarchical.NodeTestTask.lambda$executeRecursively$6(NodeTestTask.java:155)
	at org.junit.platform.engine.support.hierarchical.ThrowableCollector.execute(ThrowableCollector.java:73)
	at org.junit.platform.engine.support.hierarchical.NodeTestTask.lambda$executeRecursively$8(NodeTestTask.java:141)
	at org.junit.platform.engine.support.hierarchical.Node.around(Node.java:137)
	at org.junit.platform.engine.support.hierarchical.NodeTestTask.lambda$executeRecursively$9(NodeTestTask.java:139)
	at org.junit.platform.engine.support.hierarchical.ThrowableCollector.execute(ThrowableCollector.java:73)
	at org.junit.platform.engine.support.hierarchical.NodeTestTask.executeRecursively(NodeTestTask.java:138)
	at org.junit.platform.engine.support.hierarchical.NodeTestTask.execute(NodeTestTask.java:95)
	at org.junit.platform.engine.support.hierarchical.ForkJoinPoolHierarchicalTestExecutorService$ExclusiveTask.compute(ForkJoinPoolHierarchicalTestExecutorService.java:202)
	at java.util.concurrent.RecursiveAction.exec(RecursiveAction.java:189)
	at java.util.concurrent.ForkJoinTask.doExec(ForkJoinTask.java:289)
	at java.util.concurrent.ForkJoinPool$WorkQueue.runTask(ForkJoinPool.java:1056)
	at java.util.concurrent.ForkJoinPool.runWorker(ForkJoinPool.java:1692)
	at java.util.concurrent.ForkJoinWorkerThread.run(ForkJoinWorkerThread.java:175)
	Suppressed: org.opentest4j.AssertionFailedError: Actual data differs from file content: code-smith2498749977185102529.kt
		at org.jetbrains.kotlin.test.services.JUnit5Assertions.assertEqualsToFile(JUnit5Assertions.kt:76)
		at org.jetbrains.kotlin.test.services.JUnit5Assertions.assertEqualsToFile(JUnit5Assertions.kt:30)
		at org.jetbrains.kotlin.test.Assertions.assertEqualsToFile(Assertions.kt:15)
		at org.jetbrains.kotlin.test.Assertions.assertEqualsToFile$default(Assertions.kt:14)
		at org.jetbrains.kotlin.test.services.GlobalMetadataInfoHandler.compareAllMetaDataInfos(GlobalMetadataInfoHandler.kt:77)
		at org.jetbrains.kotlin.test.TestRunner.runTestPipeline(TestRunner.kt:106)
		... 63 more
	Suppressed: java.lang.IllegalStateException: ABSTRACT_CLASS_MEMBER_NOT_IMPLEMENTED: Class 'IUt' is not abstract and does not implement abstract base class member public abstract fun p4FO3Qz(): Unit defined in Any (13,13) in /IUt.kt
		at org.jetbrains.kotlin.diagnostics.DiagnosticSink$2.report(DiagnosticSink.java:46)
		at org.jetbrains.kotlin.resolve.AnalyzingUtils.throwExceptionOnErrors(AnalyzingUtils.kt:63)
		at org.jetbrains.kotlin.resolve.AnalyzingUtils.throwExceptionOnErrors(AnalyzingUtils.kt:58)
		at org.jetbrains.kotlin.test.backend.handlers.NoCompilationErrorsHandler.processModule(NoCompilationErrorsHandler.kt:26)
		at org.jetbrains.kotlin.test.backend.handlers.NoCompilationErrorsHandler.processModule(NoCompilationErrorsHandler.kt:17)
		at org.jetbrains.kotlin.test.TestStep$HandlersStep.processModule(TestStep.kt:78)
		at org.jetbrains.kotlin.test.TestStep$HandlersStep.processModule(TestStep.kt:56)
		at org.jetbrains.kotlin.test.TestRunner.processModule(TestRunner.kt:207)
		at org.jetbrains.kotlin.test.TestRunner.hackyProcessModule(TestRunner.kt:198)
		at org.jetbrains.kotlin.test.TestRunner.processModule(TestRunner.kt:140)
		at org.jetbrains.kotlin.test.TestRunner.runTestPipeline(TestRunner.kt:91)
		... 63 more
